# JRE version: Java(TM) SE Runtime Environment (8.0_91-b15) (build 1.8.0_91-b15)
# Java VM: Java HotSpot(TM) Client VM (25.91-b15 mixed mode windows-x86 )
Heap:
 def new generation   total 5184K, used 3804K [0x04c00000, 0x051a0000, 0x0a150000)
  eden space 4608K,  79% used [0x04c00000, 0x04f8edf8, 0x05080000)
  from space 576K,  27% used [0x05080000, 0x050a8440, 0x05110000)
  to   space 576K,   0% used [0x05110000, 0x05110000, 0x051a0000)
 tenured generation   total 21160K, used 20593K [0x0a150000, 0x0b5fa000, 0x14c00000)
   the space 21160K,  97% used [0x0a150000, 0x0b56c448, 0x0b56c600, 0x0b5fa000)
 Metaspace       used 9249K, capacity 9462K, committed 9600K, reserved 9600K
GC Heap History (10 events):
Event: 0.311 GC heap before
{Heap before GC invocations=2 (full 0):
 def new generation   total 4928K, used 4707K [0x04c00000, 0x05150000, 0x0a150000)
  eden space 4416K,  99% used [0x04c00000, 0x0504f460, 0x05050000)
  from space 512K,  57% used [0x05050000, 0x05099988, 0x050d0000)
  to   space 512K,   0% used [0x050d0000, 0x050d0000, 0x05150000)
 tenured generation   total 10944K, used 1511K [0x0a150000, 0x0ac00000, 0x14c00000)
   the space 10944K,  13% used [0x0a150000, 0x0a2c9ec0, 0x0a2ca000, 0x0ac00000)
 Metaspace       used 6826K, capacity 7014K, committed 7040K, reserved 7552K
Event: 0.314 GC heap after
Heap after GC invocations=3 (full 0):
 def new generation   total 4928K, used 0K [0x04c00000, 0x05150000, 0x0a150000)
  eden space 4416K,   0% used [0x04c00000, 0x04c00000, 0x05050000)
  from space 512K,   0% used [0x050d0000, 0x050d0128, 0x05150000)
  to   space 512K,   0% used [0x05050000, 0x05050000, 0x050d0000)
 tenured generation   total 10944K, used 5946K [0x0a150000, 0x0ac00000, 0x14c00000)
   the space 10944K,  54% used [0x0a150000, 0x0a71eb48, 0x0a71ec00, 0x0ac00000)
 Metaspace       used 6826K, capacity 7014K, committed 7040K, reserved 7552K
}
Event: 0.385 GC heap before
{Heap before GC invocations=3 (full 0):
 def new generation   total 4928K, used 4416K [0x04c00000, 0x05150000, 0x0a150000)
  eden space 4416K, 100% used [0x04c00000, 0x05050000, 0x05050000)
  from space 512K,   0% used [0x050d0000, 0x050d0128, 0x05150000)
  to   space 512K,   0% used [0x05050000, 0x05050000, 0x050d0000)
 tenured generation   total 10944K, used 5946K [0x0a150000, 0x0ac00000, 0x14c00000)
   the space 10944K,  54% used [0x0a150000, 0x0a71eb48, 0x0a71ec00, 0x0ac00000)
 Metaspace       used 7417K, capacity 7595K, committed 7680K, reserved 8576K
Event: 0.387 GC heap after
Heap after GC invocations=4 (full 0):
 def new generation   total 4928K, used 161K [0x04c00000, 0x05150000, 0x0a150000)
  eden space 4416K,   0% used [0x04c00000, 0x04c00000, 0x05050000)
  from space 512K,  31% used [0x05050000, 0x05078680, 0x050d0000)
  to   space 512K,   0% used [0x050d0000, 0x050d0000, 0x05150000)
 tenured generation   total 10944K, used 5946K [0x0a150000, 0x0ac00000, 0x14c00000)
   the space 10944K,  54% used [0x0a150000, 0x0a71eb48, 0x0a71ec00, 0x0ac00000)
 Metaspace       used 7417K, capacity 7595K, committed 7680K, reserved 8576K
}
Event: 0.481 GC heap before
{Heap before GC invocations=4 (full 0):
 def new generation   total 4928K, used 2728K [0x04c00000, 0x05150000, 0x0a150000)
  eden space 4416K,  58% used [0x04c00000, 0x04e81bf8, 0x05050000)
  from space 512K,  31% used [0x05050000, 0x05078680, 0x050d0000)
  to   space 512K,   0% used [0x050d0000, 0x050d0000, 0x05150000)
 tenured generation   total 10944K, used 5946K [0x0a150000, 0x0ac00000, 0x14c00000)
   the space 10944K,  54% used [0x0a150000, 0x0a71eb48, 0x0a71ec00, 0x0ac00000)
 Metaspace       used 8302K, capacity 8531K, committed 8576K, reserved 8576K
Event: 0.491 GC heap after
Heap after GC invocations=5 (full 1):
 def new generation   total 5184K, used 0K [0x04c00000, 0x051a0000, 0x0a150000)
  eden space 4608K,   0% used [0x04c00000, 0x04c00000, 0x05080000)
  from space 576K,   0% used [0x05080000, 0x05080000, 0x05110000)
  to   space 576K,   0% used [0x05110000, 0x05110000, 0x051a0000)
 tenured generation   total 11392K, used 6835K [0x0a150000, 0x0ac70000, 0x14c00000)
   the space 11392K,  59% used [0x0a150000, 0x0a7fcca8, 0x0a7fce00, 0x0ac70000)
 Metaspace       used 8302K, capacity 8531K, committed 8576K, reserved 8576K
}
Event: 1.639 GC heap before
{Heap before GC invocations=5 (full 1):
 def new generation   total 5184K, used 2319K [0x04c00000, 0x051a0000, 0x0a150000)
  eden space 4608K,  50% used [0x04c00000, 0x04e43f80, 0x05080000)
  from space 576K,   0% used [0x05080000, 0x05080000, 0x05110000)
  to   space 576K,   0% used [0x05110000, 0x05110000, 0x051a0000)
 tenured generation   total 21160K, used 16600K [0x0a150000, 0x0b5fa000, 0x14c00000)
   the space 21160K,  78% used [0x0a150000, 0x0b186338, 0x0b186400, 0x0b5fa000)
 Metaspace       used 8822K, capacity 9043K, committed 9088K, reserved 9600K
Event: 1.640 GC heap after
Heap after GC invocations=6 (full 1):
 def new generation   total 5184K, used 326K [0x04c00000, 0x051a0000, 0x0a150000)
  eden space 4608K,   0% used [0x04c00000, 0x04c00000, 0x05080000)
  from space 576K,  56% used [0x05110000, 0x05161958, 0x051a0000)
  to   space 576K,   0% used [0x05080000, 0x05080000, 0x05110000)
 tenured generation   total 21160K, used 16600K [0x0a150000, 0x0b5fa000, 0x14c00000)
   the space 21160K,  78% used [0x0a150000, 0x0b186338, 0x0b186400, 0x0b5fa000)
 Metaspace       used 8822K, capacity 9043K, committed 9088K, reserved 9600K
}
Event: 4.919 GC heap before
{Heap before GC invocations=6 (full 1):
 def new generation   total 5184K, used 4934K [0x04c00000, 0x051a0000, 0x0a150000)
  eden space 4608K, 100% used [0x04c00000, 0x05080000, 0x05080000)
  from space 576K,  56% used [0x05110000, 0x05161958, 0x051a0000)
  to   space 576K,   0% used [0x05080000, 0x05080000, 0x05110000)
 tenured generation   total 21160K, used 16600K [0x0a150000, 0x0b5fa000, 0x14c00000)
   the space 21160K,  78% used [0x0a150000, 0x0b186338, 0x0b186400, 0x0b5fa000)
 Metaspace       used 9104K, capacity 9331K, committed 9472K, reserved 9600K
Event: 4.924 GC heap after
Heap after GC invocations=7 (full 1):
 def new generation   total 5184K, used 161K [0x04c00000, 0x051a0000, 0x0a150000)
  eden space 4608K,   0% used [0x04c00000, 0x04c00000, 0x05080000)
  from space 576K,  27% used [0x05080000, 0x050a8440, 0x05110000)
  to   space 576K,   0% used [0x05110000, 0x05110000, 0x051a0000)
 tenured generation   total 21160K, used 20593K [0x0a150000, 0x0b5fa000, 0x14c00000)
   the space 21160K,  97% used [0x0a150000, 0x0b56c448, 0x0b56c600, 0x0b5fa000)
 Metaspace       used 9104K, capacity 9331K, committed 9472K, reserved 9600K
}

