# JRE version: Java(TM) SE Runtime Environment (8.0_91-b15) (build 1.8.0_91-b15)
# Java VM: Java HotSpot(TM) Client VM (25.91-b15 mixed mode windows-x86 )
Heap:
 def new generation   total 10560K, used 5422K [0x04a00000, 0x05570000, 0x09f50000)
  eden space 9408K,  57% used [0x04a00000, 0x04f4bba0, 0x05330000)
  from space 1152K,   0% used [0x05330000, 0x05330000, 0x05450000)
  to   space 1152K,   0% used [0x05450000, 0x05450000, 0x05570000)
 tenured generation   total 23348K, used 18259K [0x09f50000, 0x0b61d000, 0x14a00000)
   the space 23348K,  78% used [0x09f50000, 0x0b124d40, 0x0b124e00, 0x0b61d000)
 Metaspace       used 9862K, capacity 10065K, committed 10240K, reserved 10624K
GC Heap History (10 events):
Event: 9.414 GC heap before
{Heap before GC invocations=5 (full 0):
 def new generation   total 4928K, used 4924K [0x04a00000, 0x04f50000, 0x09f50000)
  eden space 4416K,  99% used [0x04a00000, 0x04e4f1e0, 0x04e50000)
  from space 512K, 100% used [0x04ed0000, 0x04f50000, 0x04f50000)
  to   space 512K,   0% used [0x04e50000, 0x04e50000, 0x04ed0000)
 tenured generation   total 10944K, used 7002K [0x09f50000, 0x0aa00000, 0x14a00000)
   the space 10944K,  63% used [0x09f50000, 0x0a626ba0, 0x0a626c00, 0x0aa00000)
 Metaspace       used 9117K, capacity 9336K, committed 9472K, reserved 9600K
Event: 9.419 GC heap after
Heap after GC invocations=6 (full 0):
 def new generation   total 4928K, used 106K [0x04a00000, 0x04f50000, 0x09f50000)
  eden space 4416K,   0% used [0x04a00000, 0x04a00000, 0x04e50000)
  from space 512K,  20% used [0x04e50000, 0x04e6aba0, 0x04ed0000)
  to   space 512K,   0% used [0x04ed0000, 0x04ed0000, 0x04f50000)
 tenured generation   total 10944K, used 7506K [0x09f50000, 0x0aa00000, 0x14a00000)
   the space 10944K,  68% used [0x09f50000, 0x0a6a4a88, 0x0a6a4c00, 0x0aa00000)
 Metaspace       used 9117K, capacity 9336K, committed 9472K, reserved 9600K
}
Event: 17.009 GC heap before
{Heap before GC invocations=6 (full 0):
 def new generation   total 4928K, used 4521K [0x04a00000, 0x04f50000, 0x09f50000)
  eden space 4416K,  99% used [0x04a00000, 0x04e4f8e8, 0x04e50000)
  from space 512K,  20% used [0x04e50000, 0x04e6aba0, 0x04ed0000)
  to   space 512K,   0% used [0x04ed0000, 0x04ed0000, 0x04f50000)
 tenured generation   total 10944K, used 7506K [0x09f50000, 0x0aa00000, 0x14a00000)
   the space 10944K,  68% used [0x09f50000, 0x0a6a4a88, 0x0a6a4c00, 0x0aa00000)
 Metaspace       used 9120K, capacity 9368K, committed 9472K, reserved 9600K
Event: 17.011 GC heap after
Heap after GC invocations=7 (full 0):
 def new generation   total 4928K, used 115K [0x04a00000, 0x04f50000, 0x09f50000)
  eden space 4416K,   0% used [0x04a00000, 0x04a00000, 0x04e50000)
  from space 512K,  22% used [0x04ed0000, 0x04eecf10, 0x04f50000)
  to   space 512K,   0% used [0x04e50000, 0x04e50000, 0x04ed0000)
 tenured generation   total 10944K, used 7506K [0x09f50000, 0x0aa00000, 0x14a00000)
   the space 10944K,  68% used [0x09f50000, 0x0a6a4a88, 0x0a6a4c00, 0x0aa00000)
 Metaspace       used 9120K, capacity 9368K, committed 9472K, reserved 9600K
}
Event: 22.277 GC heap before
{Heap before GC invocations=7 (full 0):
 def new generation   total 4928K, used 4531K [0x04a00000, 0x04f50000, 0x09f50000)
  eden space 4416K, 100% used [0x04a00000, 0x04e50000, 0x04e50000)
  from space 512K,  22% used [0x04ed0000, 0x04eecf10, 0x04f50000)
  to   space 512K,   0% used [0x04e50000, 0x04e50000, 0x04ed0000)
 tenured generation   total 10944K, used 7506K [0x09f50000, 0x0aa00000, 0x14a00000)
   the space 10944K,  68% used [0x09f50000, 0x0a6a4a88, 0x0a6a4c00, 0x0aa00000)
 Metaspace       used 9121K, capacity 9368K, committed 9472K, reserved 9600K
Event: 22.279 GC heap after
Heap after GC invocations=8 (full 0):
 def new generation   total 4928K, used 152K [0x04a00000, 0x04f50000, 0x09f50000)
  eden space 4416K,   0% used [0x04a00000, 0x04a00000, 0x04e50000)
  from space 512K,  29% used [0x04e50000, 0x04e76230, 0x04ed0000)
  to   space 512K,   0% used [0x04ed0000, 0x04ed0000, 0x04f50000)
 tenured generation   total 10944K, used 7506K [0x09f50000, 0x0aa00000, 0x14a00000)
   the space 10944K,  68% used [0x09f50000, 0x0a6a4a88, 0x0a6a4c00, 0x0aa00000)
 Metaspace       used 9121K, capacity 9368K, committed 9472K, reserved 9600K
}
Event: 23.500 GC heap before
{Heap before GC invocations=8 (full 0):
 def new generation   total 4928K, used 2224K [0x04a00000, 0x04f50000, 0x09f50000)
  eden space 4416K,  46% used [0x04a00000, 0x04c06020, 0x04e50000)
  from space 512K,  29% used [0x04e50000, 0x04e76230, 0x04ed0000)
  to   space 512K,   0% used [0x04ed0000, 0x04ed0000, 0x04f50000)
 tenured generation   total 10944K, used 7506K [0x09f50000, 0x0aa00000, 0x14a00000)
   the space 10944K,  68% used [0x09f50000, 0x0a6a4a88, 0x0a6a4c00, 0x0aa00000)
 Metaspace       used 9398K, capacity 9624K, committed 9728K, reserved 10624K
Event: 23.512 GC heap after
Heap after GC invocations=9 (full 1):
 def new generation   total 6208K, used 0K [0x04a00000, 0x050b0000, 0x09f50000)
  eden space 5568K,   0% used [0x04a00000, 0x04a00000, 0x04f70000)
  from space 640K,   0% used [0x04f70000, 0x04f70000, 0x05010000)
  to   space 640K,   0% used [0x05010000, 0x05010000, 0x050b0000)
 tenured generation   total 13580K, used 8146K [0x09f50000, 0x0ac93000, 0x14a00000)
   the space 13580K,  59% used [0x09f50000, 0x0a7449e0, 0x0a744a00, 0x0ac93000)
 Metaspace       used 9392K, capacity 9609K, committed 9728K, reserved 10624K
}
Event: 24.534 GC heap before
{Heap before GC invocations=9 (full 1):
 def new generation   total 6208K, used 2347K [0x04a00000, 0x050b0000, 0x09f50000)
  eden space 5568K,  42% used [0x04a00000, 0x04c4ade0, 0x04f70000)
  from space 640K,   0% used [0x04f70000, 0x04f70000, 0x05010000)
  to   space 640K,   0% used [0x05010000, 0x05010000, 0x050b0000)
 tenured generation   total 23348K, used 17912K [0x09f50000, 0x0b61d000, 0x14a00000)
   the space 23348K,  76% used [0x09f50000, 0x0b0ce070, 0x0b0ce200, 0x0b61d000)
 Metaspace       used 9830K, capacity 10030K, committed 10112K, reserved 10624K
Event: 24.546 GC heap after
Heap after GC invocations=10 (full 2):
 def new generation   total 10560K, used 0K [0x04a00000, 0x05570000, 0x09f50000)
  eden space 9408K,   0% used [0x04a00000, 0x04a00000, 0x05330000)
  from space 1152K,   0% used [0x05330000, 0x05330000, 0x05450000)
  to   space 1152K,   0% used [0x05450000, 0x05450000, 0x05570000)
 tenured generation   total 23348K, used 8493K [0x09f50000, 0x0b61d000, 0x14a00000)
   the space 23348K,  36% used [0x09f50000, 0x0a79b6b0, 0x0a79b800, 0x0b61d000)
 Metaspace       used 9830K, capacity 10030K, committed 10112K, reserved 10624K
}

