# JRE version: Java(TM) SE Runtime Environment (8.0_91-b15) (build 1.8.0_91-b15)
# Java VM: Java HotSpot(TM) Client VM (25.91-b15 mixed mode windows-x86 )
Heap:
 def new generation   total 5184K, used 1450K [0x04a00000, 0x04fa0000, 0x09f50000)
  eden space 4608K,  27% used [0x04a00000, 0x04b406e8, 0x04e80000)
  from space 576K,  29% used [0x04e80000, 0x04eaa388, 0x04f10000)
  to   space 576K,   0% used [0x04f10000, 0x04f10000, 0x04fa0000)
 tenured generation   total 21160K, used 20592K [0x09f50000, 0x0b3fa000, 0x14a00000)
   the space 21160K,  97% used [0x09f50000, 0x0b36c3e0, 0x0b36c400, 0x0b3fa000)
 Metaspace       used 9187K, capacity 9398K, committed 9472K, reserved 9600K
GC Heap History (10 events):
Event: 0.318 GC heap before
{Heap before GC invocations=2 (full 0):
 def new generation   total 4928K, used 4707K [0x04a00000, 0x04f50000, 0x09f50000)
  eden space 4416K,  99% used [0x04a00000, 0x04e4f460, 0x04e50000)
  from space 512K,  57% used [0x04e50000, 0x04e99988, 0x04ed0000)
  to   space 512K,   0% used [0x04ed0000, 0x04ed0000, 0x04f50000)
 tenured generation   total 10944K, used 1511K [0x09f50000, 0x0aa00000, 0x14a00000)
   the space 10944K,  13% used [0x09f50000, 0x0a0c9ec0, 0x0a0ca000, 0x0aa00000)
 Metaspace       used 6826K, capacity 7014K, committed 7040K, reserved 7552K
Event: 0.320 GC heap after
Heap after GC invocations=3 (full 0):
 def new generation   total 4928K, used 0K [0x04a00000, 0x04f50000, 0x09f50000)
  eden space 4416K,   0% used [0x04a00000, 0x04a00000, 0x04e50000)
  from space 512K,   0% used [0x04ed0000, 0x04ed0128, 0x04f50000)
  to   space 512K,   0% used [0x04e50000, 0x04e50000, 0x04ed0000)
 tenured generation   total 10944K, used 5946K [0x09f50000, 0x0aa00000, 0x14a00000)
   the space 10944K,  54% used [0x09f50000, 0x0a51eb48, 0x0a51ec00, 0x0aa00000)
 Metaspace       used 6826K, capacity 7014K, committed 7040K, reserved 7552K
}
Event: 0.405 GC heap before
{Heap before GC invocations=3 (full 0):
 def new generation   total 4928K, used 4416K [0x04a00000, 0x04f50000, 0x09f50000)
  eden space 4416K, 100% used [0x04a00000, 0x04e50000, 0x04e50000)
  from space 512K,   0% used [0x04ed0000, 0x04ed0128, 0x04f50000)
  to   space 512K,   0% used [0x04e50000, 0x04e50000, 0x04ed0000)
 tenured generation   total 10944K, used 5946K [0x09f50000, 0x0aa00000, 0x14a00000)
   the space 10944K,  54% used [0x09f50000, 0x0a51eb48, 0x0a51ec00, 0x0aa00000)
 Metaspace       used 7417K, capacity 7595K, committed 7680K, reserved 8576K
Event: 0.407 GC heap after
Heap after GC invocations=4 (full 0):
 def new generation   total 4928K, used 160K [0x04a00000, 0x04f50000, 0x09f50000)
  eden space 4416K,   0% used [0x04a00000, 0x04a00000, 0x04e50000)
  from space 512K,  31% used [0x04e50000, 0x04e782b0, 0x04ed0000)
  to   space 512K,   0% used [0x04ed0000, 0x04ed0000, 0x04f50000)
 tenured generation   total 10944K, used 5946K [0x09f50000, 0x0aa00000, 0x14a00000)
   the space 10944K,  54% used [0x09f50000, 0x0a51eb48, 0x0a51ec00, 0x0aa00000)
 Metaspace       used 7417K, capacity 7595K, committed 7680K, reserved 8576K
}
Event: 0.565 GC heap before
{Heap before GC invocations=4 (full 0):
 def new generation   total 4928K, used 2727K [0x04a00000, 0x04f50000, 0x09f50000)
  eden space 4416K,  58% used [0x04a00000, 0x04c81968, 0x04e50000)
  from space 512K,  31% used [0x04e50000, 0x04e782b0, 0x04ed0000)
  to   space 512K,   0% used [0x04ed0000, 0x04ed0000, 0x04f50000)
 tenured generation   total 10944K, used 5946K [0x09f50000, 0x0aa00000, 0x14a00000)
   the space 10944K,  54% used [0x09f50000, 0x0a51eb48, 0x0a51ec00, 0x0aa00000)
 Metaspace       used 8302K, capacity 8531K, committed 8576K, reserved 8576K
Event: 0.575 GC heap after
Heap after GC invocations=5 (full 1):
 def new generation   total 5184K, used 0K [0x04a00000, 0x04fa0000, 0x09f50000)
  eden space 4608K,   0% used [0x04a00000, 0x04a00000, 0x04e80000)
  from space 576K,   0% used [0x04e80000, 0x04e80000, 0x04f10000)
  to   space 576K,   0% used [0x04f10000, 0x04f10000, 0x04fa0000)
 tenured generation   total 11392K, used 6835K [0x09f50000, 0x0aa70000, 0x14a00000)
   the space 11392K,  59% used [0x09f50000, 0x0a5fcc98, 0x0a5fce00, 0x0aa70000)
 Metaspace       used 8302K, capacity 8531K, committed 8576K, reserved 8576K
}
Event: 1.850 GC heap before
{Heap before GC invocations=5 (full 1):
 def new generation   total 5184K, used 2319K [0x04a00000, 0x04fa0000, 0x09f50000)
  eden space 4608K,  50% used [0x04a00000, 0x04c43c28, 0x04e80000)
  from space 576K,   0% used [0x04e80000, 0x04e80000, 0x04f10000)
  to   space 576K,   0% used [0x04f10000, 0x04f10000, 0x04fa0000)
 tenured generation   total 21160K, used 16600K [0x09f50000, 0x0b3fa000, 0x14a00000)
   the space 21160K,  78% used [0x09f50000, 0x0af86328, 0x0af86400, 0x0b3fa000)
 Metaspace       used 8822K, capacity 9043K, committed 9088K, reserved 9600K
Event: 1.853 GC heap after
Heap after GC invocations=6 (full 1):
 def new generation   total 5184K, used 326K [0x04a00000, 0x04fa0000, 0x09f50000)
  eden space 4608K,   0% used [0x04a00000, 0x04a00000, 0x04e80000)
  from space 576K,  56% used [0x04f10000, 0x04f618f0, 0x04fa0000)
  to   space 576K,   0% used [0x04e80000, 0x04e80000, 0x04f10000)
 tenured generation   total 21160K, used 16600K [0x09f50000, 0x0b3fa000, 0x14a00000)
   the space 21160K,  78% used [0x09f50000, 0x0af86328, 0x0af86400, 0x0b3fa000)
 Metaspace       used 8822K, capacity 9043K, committed 9088K, reserved 9600K
}
Event: 2.947 GC heap before
{Heap before GC invocations=6 (full 1):
 def new generation   total 5184K, used 4933K [0x04a00000, 0x04fa0000, 0x09f50000)
  eden space 4608K,  99% used [0x04a00000, 0x04e7fb48, 0x04e80000)
  from space 576K,  56% used [0x04f10000, 0x04f618f0, 0x04fa0000)
  to   space 576K,   0% used [0x04e80000, 0x04e80000, 0x04f10000)
 tenured generation   total 21160K, used 16600K [0x09f50000, 0x0b3fa000, 0x14a00000)
   the space 21160K,  78% used [0x09f50000, 0x0af86328, 0x0af86400, 0x0b3fa000)
 Metaspace       used 9094K, capacity 9299K, committed 9344K, reserved 9600K
Event: 2.950 GC heap after
Heap after GC invocations=7 (full 1):
 def new generation   total 5184K, used 168K [0x04a00000, 0x04fa0000, 0x09f50000)
  eden space 4608K,   0% used [0x04a00000, 0x04a00000, 0x04e80000)
  from space 576K,  29% used [0x04e80000, 0x04eaa388, 0x04f10000)
  to   space 576K,   0% used [0x04f10000, 0x04f10000, 0x04fa0000)
 tenured generation   total 21160K, used 20592K [0x09f50000, 0x0b3fa000, 0x14a00000)
   the space 21160K,  97% used [0x09f50000, 0x0b36c3e0, 0x0b36c400, 0x0b3fa000)
 Metaspace       used 9094K, capacity 9299K, committed 9344K, reserved 9600K
}

