# JRE version: Java(TM) SE Runtime Environment (8.0_91-b15) (build 1.8.0_91-b15)
# Java VM: Java HotSpot(TM) Client VM (25.91-b15 mixed mode windows-x86 )
Heap:
 def new generation   total 5120K, used 4924K [0x04800000, 0x04d80000, 0x09d50000)
  eden space 4608K,  97% used [0x04800000, 0x04c67918, 0x04c80000)
  from space 512K,  80% used [0x04d00000, 0x04d67ab8, 0x04d80000)
  to   space 512K,   0% used [0x04c80000, 0x04c80000, 0x04d00000)
 tenured generation   total 20956K, used 16477K [0x09d50000, 0x0b1c7000, 0x14800000)
   the space 20956K,  78% used [0x09d50000, 0x0ad67530, 0x0ad67600, 0x0b1c7000)
 Metaspace       used 8967K, capacity 9174K, committed 9216K, reserved 9600K
GC Heap History (10 events):
Event: 0.363 GC heap before
{Heap before GC invocations=1 (full 0):
 def new generation   total 4928K, used 1057K [0x04800000, 0x04d50000, 0x09d50000)
  eden space 4416K,  12% used [0x04800000, 0x048886f8, 0x04c50000)
  from space 512K, 100% used [0x04cd0000, 0x04d50000, 0x04d50000)
  to   space 512K,   0% used [0x04c50000, 0x04c50000, 0x04cd0000)
 tenured generation   total 10944K, used 1008K [0x09d50000, 0x0a800000, 0x14800000)
   the space 10944K,   9% used [0x09d50000, 0x09e4c230, 0x09e4c400, 0x0a800000)
 Metaspace       used 6827K, capacity 7014K, committed 7040K, reserved 7552K
Event: 0.366 GC heap after
Heap after GC invocations=2 (full 0):
 def new generation   total 4928K, used 295K [0x04800000, 0x04d50000, 0x09d50000)
  eden space 4416K,   0% used [0x04800000, 0x04800000, 0x04c50000)
  from space 512K,  57% used [0x04c50000, 0x04c99d88, 0x04cd0000)
  to   space 512K,   0% used [0x04cd0000, 0x04cd0000, 0x04d50000)
 tenured generation   total 10944K, used 1510K [0x09d50000, 0x0a800000, 0x14800000)
   the space 10944K,  13% used [0x09d50000, 0x09ec9be0, 0x09ec9c00, 0x0a800000)
 Metaspace       used 6827K, capacity 7014K, committed 7040K, reserved 7552K
}
Event: 0.369 GC heap before
{Heap before GC invocations=2 (full 0):
 def new generation   total 4928K, used 4708K [0x04800000, 0x04d50000, 0x09d50000)
  eden space 4416K,  99% used [0x04800000, 0x04c4f430, 0x04c50000)
  from space 512K,  57% used [0x04c50000, 0x04c99d88, 0x04cd0000)
  to   space 512K,   0% used [0x04cd0000, 0x04cd0000, 0x04d50000)
 tenured generation   total 10944K, used 1510K [0x09d50000, 0x0a800000, 0x14800000)
   the space 10944K,  13% used [0x09d50000, 0x09ec9be0, 0x09ec9c00, 0x0a800000)
 Metaspace       used 6827K, capacity 7014K, committed 7040K, reserved 7552K
Event: 0.373 GC heap after
Heap after GC invocations=3 (full 0):
 def new generation   total 4928K, used 0K [0x04800000, 0x04d50000, 0x09d50000)
  eden space 4416K,   0% used [0x04800000, 0x04800000, 0x04c50000)
  from space 512K,   0% used [0x04cd0000, 0x04cd0128, 0x04d50000)
  to   space 512K,   0% used [0x04c50000, 0x04c50000, 0x04cd0000)
 tenured generation   total 10944K, used 5947K [0x09d50000, 0x0a800000, 0x14800000)
   the space 10944K,  54% used [0x09d50000, 0x0a31ec68, 0x0a31ee00, 0x0a800000)
 Metaspace       used 6827K, capacity 7014K, committed 7040K, reserved 7552K
}
Event: 0.486 GC heap before
{Heap before GC invocations=3 (full 0):
 def new generation   total 4928K, used 4410K [0x04800000, 0x04d50000, 0x09d50000)
  eden space 4416K,  99% used [0x04800000, 0x04c4e8a8, 0x04c50000)
  from space 512K,   0% used [0x04cd0000, 0x04cd0128, 0x04d50000)
  to   space 512K,   0% used [0x04c50000, 0x04c50000, 0x04cd0000)
 tenured generation   total 10944K, used 5947K [0x09d50000, 0x0a800000, 0x14800000)
   the space 10944K,  54% used [0x09d50000, 0x0a31ec68, 0x0a31ee00, 0x0a800000)
 Metaspace       used 7433K, capacity 7627K, committed 7680K, reserved 8576K
Event: 0.488 GC heap after
Heap after GC invocations=4 (full 0):
 def new generation   total 4928K, used 171K [0x04800000, 0x04d50000, 0x09d50000)
  eden space 4416K,   0% used [0x04800000, 0x04800000, 0x04c50000)
  from space 512K,  33% used [0x04c50000, 0x04c7aeb8, 0x04cd0000)
  to   space 512K,   0% used [0x04cd0000, 0x04cd0000, 0x04d50000)
 tenured generation   total 10944K, used 5947K [0x09d50000, 0x0a800000, 0x14800000)
   the space 10944K,  54% used [0x09d50000, 0x0a31ec68, 0x0a31ee00, 0x0a800000)
 Metaspace       used 7433K, capacity 7627K, committed 7680K, reserved 8576K
}
Event: 0.585 GC heap before
{Heap before GC invocations=4 (full 0):
 def new generation   total 4928K, used 2460K [0x04800000, 0x04d50000, 0x09d50000)
  eden space 4416K,  51% used [0x04800000, 0x04a3c540, 0x04c50000)
  from space 512K,  33% used [0x04c50000, 0x04c7aeb8, 0x04cd0000)
  to   space 512K,   0% used [0x04cd0000, 0x04cd0000, 0x04d50000)
 tenured generation   total 10944K, used 5947K [0x09d50000, 0x0a800000, 0x14800000)
   the space 10944K,  54% used [0x09d50000, 0x0a31ec68, 0x0a31ee00, 0x0a800000)
 Metaspace       used 8164K, capacity 8403K, committed 8448K, reserved 8576K
Event: 0.595 GC heap after
Heap after GC invocations=5 (full 1):
 def new generation   total 5120K, used 0K [0x04800000, 0x04d80000, 0x09d50000)
  eden space 4608K,   0% used [0x04800000, 0x04800000, 0x04c80000)
  from space 512K,   0% used [0x04c80000, 0x04c80000, 0x04d00000)
  to   space 512K,   0% used [0x04d00000, 0x04d00000, 0x04d80000)
 tenured generation   total 11188K, used 6711K [0x09d50000, 0x0a83d000, 0x14800000)
   the space 11188K,  59% used [0x09d50000, 0x0a3ddea0, 0x0a3de000, 0x0a83d000)
 Metaspace       used 8164K, capacity 8403K, committed 8448K, reserved 8576K
}
Event: 1.274 GC heap before
{Heap before GC invocations=5 (full 1):
 def new generation   total 5120K, used 2387K [0x04800000, 0x04d80000, 0x09d50000)
  eden space 4608K,  51% used [0x04800000, 0x04a54fe8, 0x04c80000)
  from space 512K,   0% used [0x04c80000, 0x04c80000, 0x04d00000)
  to   space 512K,   0% used [0x04d00000, 0x04d00000, 0x04d80000)
 tenured generation   total 20956K, used 16477K [0x09d50000, 0x0b1c7000, 0x14800000)
   the space 20956K,  78% used [0x09d50000, 0x0ad67530, 0x0ad67600, 0x0b1c7000)
 Metaspace       used 8802K, capacity 9011K, committed 9088K, reserved 9600K
Event: 1.276 GC heap after
Heap after GC invocations=6 (full 1):
 def new generation   total 5120K, used 414K [0x04800000, 0x04d80000, 0x09d50000)
  eden space 4608K,   0% used [0x04800000, 0x04800000, 0x04c80000)
  from space 512K,  80% used [0x04d00000, 0x04d67ab8, 0x04d80000)
  to   space 512K,   0% used [0x04c80000, 0x04c80000, 0x04d00000)
 tenured generation   total 20956K, used 16477K [0x09d50000, 0x0b1c7000, 0x14800000)
   the space 20956K,  78% used [0x09d50000, 0x0ad67530, 0x0ad67600, 0x0b1c7000)
 Metaspace       used 8802K, capacity 9011K, committed 9088K, reserved 9600K
}

