# JRE version: Java(TM) SE Runtime Environment (8.0_91-b15) (build 1.8.0_91-b15)
# Java VM: Java HotSpot(TM) Client VM (25.91-b15 mixed mode windows-x86 )
Heap:
 def new generation   total 5120K, used 3881K [0x04a00000, 0x04f80000, 0x09f50000)
  eden space 4608K,  76% used [0x04a00000, 0x04d6d4d8, 0x04e80000)
  from space 512K,  72% used [0x04f00000, 0x04f5d2f8, 0x04f80000)
  to   space 512K,   0% used [0x04e80000, 0x04e80000, 0x04f00000)
 tenured generation   total 20956K, used 20560K [0x09f50000, 0x0b3c7000, 0x14a00000)
   the space 20956K,  98% used [0x09f50000, 0x0b3642f8, 0x0b364400, 0x0b3c7000)
 Metaspace       used 9336K, capacity 9558K, committed 9600K, reserved 9600K
GC Heap History (10 events):
Event: 0.499 GC heap before
{Heap before GC invocations=3 (full 0):
 def new generation   total 4928K, used 4416K [0x04a00000, 0x04f50000, 0x09f50000)
  eden space 4416K, 100% used [0x04a00000, 0x04e50000, 0x04e50000)
  from space 512K,   0% used [0x04ed0000, 0x04ed0128, 0x04f50000)
  to   space 512K,   0% used [0x04e50000, 0x04e50000, 0x04ed0000)
 tenured generation   total 10944K, used 5946K [0x09f50000, 0x0aa00000, 0x14a00000)
   the space 10944K,  54% used [0x09f50000, 0x0a51ebc0, 0x0a51ec00, 0x0aa00000)
 Metaspace       used 7433K, capacity 7627K, committed 7680K, reserved 8576K
Event: 0.500 GC heap after
Heap after GC invocations=4 (full 0):
 def new generation   total 4928K, used 171K [0x04a00000, 0x04f50000, 0x09f50000)
  eden space 4416K,   0% used [0x04a00000, 0x04a00000, 0x04e50000)
  from space 512K,  33% used [0x04e50000, 0x04e7ad08, 0x04ed0000)
  to   space 512K,   0% used [0x04ed0000, 0x04ed0000, 0x04f50000)
 tenured generation   total 10944K, used 5946K [0x09f50000, 0x0aa00000, 0x14a00000)
   the space 10944K,  54% used [0x09f50000, 0x0a51ebc0, 0x0a51ec00, 0x0aa00000)
 Metaspace       used 7433K, capacity 7627K, committed 7680K, reserved 8576K
}
Event: 0.577 GC heap before
{Heap before GC invocations=4 (full 0):
 def new generation   total 4928K, used 2458K [0x04a00000, 0x04f50000, 0x09f50000)
  eden space 4416K,  51% used [0x04a00000, 0x04c3bda8, 0x04e50000)
  from space 512K,  33% used [0x04e50000, 0x04e7ad08, 0x04ed0000)
  to   space 512K,   0% used [0x04ed0000, 0x04ed0000, 0x04f50000)
 tenured generation   total 10944K, used 5946K [0x09f50000, 0x0aa00000, 0x14a00000)
   the space 10944K,  54% used [0x09f50000, 0x0a51ebc0, 0x0a51ec00, 0x0aa00000)
 Metaspace       used 8163K, capacity 8403K, committed 8448K, reserved 8576K
Event: 0.586 GC heap after
Heap after GC invocations=5 (full 1):
 def new generation   total 5120K, used 0K [0x04a00000, 0x04f80000, 0x09f50000)
  eden space 4608K,   0% used [0x04a00000, 0x04a00000, 0x04e80000)
  from space 512K,   0% used [0x04e80000, 0x04e80000, 0x04f00000)
  to   space 512K,   0% used [0x04f00000, 0x04f00000, 0x04f80000)
 tenured generation   total 11188K, used 6711K [0x09f50000, 0x0aa3d000, 0x14a00000)
   the space 11188K,  59% used [0x09f50000, 0x0a5ddc48, 0x0a5dde00, 0x0aa3d000)
 Metaspace       used 8163K, capacity 8403K, committed 8448K, reserved 8576K
}
Event: 1.723 GC heap before
{Heap before GC invocations=5 (full 1):
 def new generation   total 5120K, used 2370K [0x04a00000, 0x04f80000, 0x09f50000)
  eden space 4608K,  51% used [0x04a00000, 0x04c50930, 0x04e80000)
  from space 512K,   0% used [0x04e80000, 0x04e80000, 0x04f00000)
  to   space 512K,   0% used [0x04f00000, 0x04f00000, 0x04f80000)
 tenured generation   total 20956K, used 16476K [0x09f50000, 0x0b3c7000, 0x14a00000)
   the space 20956K,  78% used [0x09f50000, 0x0af672d8, 0x0af67400, 0x0b3c7000)
 Metaspace       used 8799K, capacity 9011K, committed 9088K, reserved 9600K
Event: 1.726 GC heap after
Heap after GC invocations=6 (full 1):
 def new generation   total 5120K, used 418K [0x04a00000, 0x04f80000, 0x09f50000)
  eden space 4608K,   0% used [0x04a00000, 0x04a00000, 0x04e80000)
  from space 512K,  81% used [0x04f00000, 0x04f68918, 0x04f80000)
  to   space 512K,   0% used [0x04e80000, 0x04e80000, 0x04f00000)
 tenured generation   total 20956K, used 16476K [0x09f50000, 0x0b3c7000, 0x14a00000)
   the space 20956K,  78% used [0x09f50000, 0x0af672d8, 0x0af67400, 0x0b3c7000)
 Metaspace       used 8799K, capacity 9011K, committed 9088K, reserved 9600K
}
Event: 5.295 GC heap before
{Heap before GC invocations=6 (full 1):
 def new generation   total 5120K, used 5026K [0x04a00000, 0x04f80000, 0x09f50000)
  eden space 4608K, 100% used [0x04a00000, 0x04e80000, 0x04e80000)
  from space 512K,  81% used [0x04f00000, 0x04f68918, 0x04f80000)
  to   space 512K,   0% used [0x04e80000, 0x04e80000, 0x04f00000)
 tenured generation   total 20956K, used 16476K [0x09f50000, 0x0b3c7000, 0x14a00000)
   the space 20956K,  78% used [0x09f50000, 0x0af672d8, 0x0af67400, 0x0b3c7000)
 Metaspace       used 9086K, capacity 9299K, committed 9344K, reserved 9600K
Event: 5.298 GC heap after
Heap after GC invocations=7 (full 1):
 def new generation   total 5120K, used 164K [0x04a00000, 0x04f80000, 0x09f50000)
  eden space 4608K,   0% used [0x04a00000, 0x04a00000, 0x04e80000)
  from space 512K,  32% used [0x04e80000, 0x04ea9218, 0x04f00000)
  to   space 512K,   0% used [0x04f00000, 0x04f00000, 0x04f80000)
 tenured generation   total 20956K, used 20560K [0x09f50000, 0x0b3c7000, 0x14a00000)
   the space 20956K,  98% used [0x09f50000, 0x0b3642f8, 0x0b364400, 0x0b3c7000)
 Metaspace       used 9086K, capacity 9299K, committed 9344K, reserved 9600K
}
Event: 73.955 GC heap before
{Heap before GC invocations=7 (full 1):
 def new generation   total 5120K, used 4772K [0x04a00000, 0x04f80000, 0x09f50000)
  eden space 4608K, 100% used [0x04a00000, 0x04e80000, 0x04e80000)
  from space 512K,  32% used [0x04e80000, 0x04ea9218, 0x04f00000)
  to   space 512K,   0% used [0x04f00000, 0x04f00000, 0x04f80000)
 tenured generation   total 20956K, used 20560K [0x09f50000, 0x0b3c7000, 0x14a00000)
   the space 20956K,  98% used [0x09f50000, 0x0b3642f8, 0x0b364400, 0x0b3c7000)
 Metaspace       used 9333K, capacity 9558K, committed 9600K, reserved 9600K
Event: 73.956 GC heap after
Heap after GC invocations=8 (full 1):
 def new generation   total 5120K, used 372K [0x04a00000, 0x04f80000, 0x09f50000)
  eden space 4608K,   0% used [0x04a00000, 0x04a00000, 0x04e80000)
  from space 512K,  72% used [0x04f00000, 0x04f5d2f8, 0x04f80000)
  to   space 512K,   0% used [0x04e80000, 0x04e80000, 0x04f00000)
 tenured generation   total 20956K, used 20560K [0x09f50000, 0x0b3c7000, 0x14a00000)
   the space 20956K,  98% used [0x09f50000, 0x0b3642f8, 0x0b364400, 0x0b3c7000)
 Metaspace       used 9333K, capacity 9558K, committed 9600K, reserved 9600K
}

