# JRE version: Java(TM) SE Runtime Environment (8.0_91-b15) (build 1.8.0_91-b15)
# Java VM: Java HotSpot(TM) Client VM (25.91-b15 mixed mode windows-x86 )
Heap:
 def new generation   total 9472K, used 282K [0x04800000, 0x05240000, 0x09d50000)
  eden space 8448K,   3% used [0x04800000, 0x04846af8, 0x05040000)
  from space 1024K,   0% used [0x05040000, 0x05040000, 0x05140000)
  to   space 1024K,   0% used [0x05140000, 0x05140000, 0x05240000)
 tenured generation   total 20948K, used 11633K [0x09d50000, 0x0b1c5000, 0x14800000)
   the space 20948K,  55% used [0x09d50000, 0x0a8ac7f0, 0x0a8ac800, 0x0b1c5000)
 Metaspace       used 9770K, capacity 9988K, committed 10112K, reserved 10624K
GC Heap History (10 events):
Event: 0.456 GC heap before
{Heap before GC invocations=3 (full 0):
 def new generation   total 4928K, used 4410K [0x04800000, 0x04d50000, 0x09d50000)
  eden space 4416K,  99% used [0x04800000, 0x04c4e8a8, 0x04c50000)
  from space 512K,   0% used [0x04cd0000, 0x04cd0128, 0x04d50000)
  to   space 512K,   0% used [0x04c50000, 0x04c50000, 0x04cd0000)
 tenured generation   total 10944K, used 5947K [0x09d50000, 0x0a800000, 0x14800000)
   the space 10944K,  54% used [0x09d50000, 0x0a31ec70, 0x0a31ee00, 0x0a800000)
 Metaspace       used 7433K, capacity 7627K, committed 7680K, reserved 8576K
Event: 0.457 GC heap after
Heap after GC invocations=4 (full 0):
 def new generation   total 4928K, used 171K [0x04800000, 0x04d50000, 0x09d50000)
  eden space 4416K,   0% used [0x04800000, 0x04800000, 0x04c50000)
  from space 512K,  33% used [0x04c50000, 0x04c7aeb8, 0x04cd0000)
  to   space 512K,   0% used [0x04cd0000, 0x04cd0000, 0x04d50000)
 tenured generation   total 10944K, used 5947K [0x09d50000, 0x0a800000, 0x14800000)
   the space 10944K,  54% used [0x09d50000, 0x0a31ec70, 0x0a31ee00, 0x0a800000)
 Metaspace       used 7433K, capacity 7627K, committed 7680K, reserved 8576K
}
Event: 0.544 GC heap before
{Heap before GC invocations=4 (full 0):
 def new generation   total 4928K, used 2431K [0x04800000, 0x04d50000, 0x09d50000)
  eden space 4416K,  51% used [0x04800000, 0x04a34f30, 0x04c50000)
  from space 512K,  33% used [0x04c50000, 0x04c7aeb8, 0x04cd0000)
  to   space 512K,   0% used [0x04cd0000, 0x04cd0000, 0x04d50000)
 tenured generation   total 10944K, used 5947K [0x09d50000, 0x0a800000, 0x14800000)
   the space 10944K,  54% used [0x09d50000, 0x0a31ec70, 0x0a31ee00, 0x0a800000)
 Metaspace       used 8163K, capacity 8401K, committed 8448K, reserved 8576K
Event: 0.557 GC heap after
Heap after GC invocations=5 (full 1):
 def new generation   total 5120K, used 0K [0x04800000, 0x04d80000, 0x09d50000)
  eden space 4608K,   0% used [0x04800000, 0x04800000, 0x04c80000)
  from space 512K,   0% used [0x04c80000, 0x04c80000, 0x04d00000)
  to   space 512K,   0% used [0x04d00000, 0x04d00000, 0x04d80000)
 tenured generation   total 11180K, used 6707K [0x09d50000, 0x0a83b000, 0x14800000)
   the space 11180K,  59% used [0x09d50000, 0x0a3dcfd0, 0x0a3dd000, 0x0a83b000)
 Metaspace       used 8163K, capacity 8401K, committed 8448K, reserved 8576K
}
Event: 1.275 GC heap before
{Heap before GC invocations=5 (full 1):
 def new generation   total 5120K, used 2489K [0x04800000, 0x04d80000, 0x09d50000)
  eden space 4608K,  54% used [0x04800000, 0x04a6e7a8, 0x04c80000)
  from space 512K,   0% used [0x04c80000, 0x04c80000, 0x04d00000)
  to   space 512K,   0% used [0x04d00000, 0x04d00000, 0x04d80000)
 tenured generation   total 20948K, used 16473K [0x09d50000, 0x0b1c5000, 0x14800000)
   the space 20948K,  78% used [0x09d50000, 0x0ad66660, 0x0ad66800, 0x0b1c5000)
 Metaspace       used 8802K, capacity 9011K, committed 9088K, reserved 9600K
Event: 1.278 GC heap after
Heap after GC invocations=6 (full 1):
 def new generation   total 5120K, used 420K [0x04800000, 0x04d80000, 0x09d50000)
  eden space 4608K,   0% used [0x04800000, 0x04800000, 0x04c80000)
  from space 512K,  82% used [0x04d00000, 0x04d69040, 0x04d80000)
  to   space 512K,   0% used [0x04c80000, 0x04c80000, 0x04d00000)
 tenured generation   total 20948K, used 16473K [0x09d50000, 0x0b1c5000, 0x14800000)
   the space 20948K,  78% used [0x09d50000, 0x0ad66660, 0x0ad66800, 0x0b1c5000)
 Metaspace       used 8802K, capacity 9011K, committed 9088K, reserved 9600K
}
Event: 4.734 GC heap before
{Heap before GC invocations=6 (full 1):
 def new generation   total 5120K, used 5011K [0x04800000, 0x04d80000, 0x09d50000)
  eden space 4608K,  99% used [0x04800000, 0x04c7bf98, 0x04c80000)
  from space 512K,  82% used [0x04d00000, 0x04d69040, 0x04d80000)
  to   space 512K,   0% used [0x04c80000, 0x04c80000, 0x04d00000)
 tenured generation   total 20948K, used 16473K [0x09d50000, 0x0b1c5000, 0x14800000)
   the space 20948K,  78% used [0x09d50000, 0x0ad66660, 0x0ad66800, 0x0b1c5000)
 Metaspace       used 9021K, capacity 9235K, committed 9344K, reserved 9600K
Event: 4.737 GC heap after
Heap after GC invocations=7 (full 1):
 def new generation   total 5120K, used 59K [0x04800000, 0x04d80000, 0x09d50000)
  eden space 4608K,   0% used [0x04800000, 0x04800000, 0x04c80000)
  from space 512K,  11% used [0x04c80000, 0x04c8efb0, 0x04d00000)
  to   space 512K,   0% used [0x04d00000, 0x04d00000, 0x04d80000)
 tenured generation   total 20948K, used 20690K [0x09d50000, 0x0b1c5000, 0x14800000)
   the space 20948K,  98% used [0x09d50000, 0x0b1848a0, 0x0b184a00, 0x0b1c5000)
 Metaspace       used 9021K, capacity 9235K, committed 9344K, reserved 9600K
}
Event: 36.852 GC heap before
{Heap before GC invocations=7 (full 1):
 def new generation   total 5120K, used 4667K [0x04800000, 0x04d80000, 0x09d50000)
  eden space 4608K, 100% used [0x04800000, 0x04c80000, 0x04c80000)
  from space 512K,  11% used [0x04c80000, 0x04c8efb0, 0x04d00000)
  to   space 512K,   0% used [0x04d00000, 0x04d00000, 0x04d80000)
 tenured generation   total 20948K, used 20690K [0x09d50000, 0x0b1c5000, 0x14800000)
   the space 20948K,  98% used [0x09d50000, 0x0b1848a0, 0x0b184a00, 0x0b1c5000)
 Metaspace       used 9776K, capacity 10006K, committed 10112K, reserved 10624K
Event: 36.864 GC heap after
Heap after GC invocations=8 (full 2):
 def new generation   total 9472K, used 0K [0x04800000, 0x05240000, 0x09d50000)
  eden space 8448K,   0% used [0x04800000, 0x04800000, 0x05040000)
  from space 1024K,   0% used [0x05040000, 0x05040000, 0x05140000)
  to   space 1024K,   0% used [0x05140000, 0x05140000, 0x05240000)
 tenured generation   total 20948K, used 11633K [0x09d50000, 0x0b1c5000, 0x14800000)
   the space 20948K,  55% used [0x09d50000, 0x0a8ac7f0, 0x0a8ac800, 0x0b1c5000)
 Metaspace       used 9768K, capacity 9988K, committed 10112K, reserved 10624K
}

