# JRE version: Java(TM) SE Runtime Environment (8.0_91-b15) (build 1.8.0_91-b15)
# Java VM: Java HotSpot(TM) Client VM (25.91-b15 mixed mode windows-x86 )
Heap:
 def new generation   total 5184K, used 2671K [0x04800000, 0x04d90000, 0x09d50000)
  eden space 4672K,  46% used [0x04800000, 0x04a1bd10, 0x04c90000)
  from space 512K,  99% used [0x04c90000, 0x04d0fff8, 0x04d10000)
  to   space 512K,   0% used [0x04d10000, 0x04d10000, 0x04d90000)
 tenured generation   total 21116K, used 20819K [0x09d50000, 0x0b1ef000, 0x14800000)
   the space 21116K,  98% used [0x09d50000, 0x0b1a4f60, 0x0b1a5000, 0x0b1ef000)
 Metaspace       used 9771K, capacity 10006K, committed 10112K, reserved 10624K
GC Heap History (10 events):
Event: 0.502 GC heap before
{Heap before GC invocations=4 (full 0):
 def new generation   total 4928K, used 2643K [0x04800000, 0x04d50000, 0x09d50000)
  eden space 4416K,  55% used [0x04800000, 0x04a6a040, 0x04c50000)
  from space 512K,  33% used [0x04c50000, 0x04c7ad08, 0x04cd0000)
  to   space 512K,   0% used [0x04cd0000, 0x04cd0000, 0x04d50000)
 tenured generation   total 10944K, used 5947K [0x09d50000, 0x0a800000, 0x14800000)
   the space 10944K,  54% used [0x09d50000, 0x0a31ecc8, 0x0a31ee00, 0x0a800000)
 Metaspace       used 8287K, capacity 8529K, committed 8576K, reserved 8576K
Event: 0.512 GC heap after
Heap after GC invocations=5 (full 1):
 def new generation   total 5184K, used 0K [0x04800000, 0x04d90000, 0x09d50000)
  eden space 4672K,   0% used [0x04800000, 0x04800000, 0x04c90000)
  from space 512K,   0% used [0x04c90000, 0x04c90000, 0x04d10000)
  to   space 512K,   0% used [0x04d10000, 0x04d10000, 0x04d90000)
 tenured generation   total 11348K, used 6806K [0x09d50000, 0x0a865000, 0x14800000)
   the space 11348K,  59% used [0x09d50000, 0x0a3f5a20, 0x0a3f5c00, 0x0a865000)
 Metaspace       used 8287K, capacity 8529K, committed 8576K, reserved 8576K
}
Event: 1.987 GC heap before
{Heap before GC invocations=5 (full 1):
 def new generation   total 5184K, used 2185K [0x04800000, 0x04d90000, 0x09d50000)
  eden space 4672K,  46% used [0x04800000, 0x04a22798, 0x04c90000)
  from space 512K,   0% used [0x04c90000, 0x04c90000, 0x04d10000)
  to   space 512K,   0% used [0x04d10000, 0x04d10000, 0x04d90000)
 tenured generation   total 21116K, used 16572K [0x09d50000, 0x0b1ef000, 0x14800000)
   the space 21116K,  78% used [0x09d50000, 0x0ad7f0b0, 0x0ad7f200, 0x0b1ef000)
 Metaspace       used 8811K, capacity 9043K, committed 9088K, reserved 9600K
Event: 1.989 GC heap after
Heap after GC invocations=6 (full 1):
 def new generation   total 5184K, used 332K [0x04800000, 0x04d90000, 0x09d50000)
  eden space 4672K,   0% used [0x04800000, 0x04800000, 0x04c90000)
  from space 512K,  64% used [0x04d10000, 0x04d632d8, 0x04d90000)
  to   space 512K,   0% used [0x04c90000, 0x04c90000, 0x04d10000)
 tenured generation   total 21116K, used 16572K [0x09d50000, 0x0b1ef000, 0x14800000)
   the space 21116K,  78% used [0x09d50000, 0x0ad7f0b0, 0x0ad7f200, 0x0b1ef000)
 Metaspace       used 8811K, capacity 9043K, committed 9088K, reserved 9600K
}
Event: 20.516 GC heap before
{Heap before GC invocations=6 (full 1):
 def new generation   total 5184K, used 5004K [0x04800000, 0x04d90000, 0x09d50000)
  eden space 4672K, 100% used [0x04800000, 0x04c90000, 0x04c90000)
  from space 512K,  64% used [0x04d10000, 0x04d632d8, 0x04d90000)
  to   space 512K,   0% used [0x04c90000, 0x04c90000, 0x04d10000)
 tenured generation   total 21116K, used 16572K [0x09d50000, 0x0b1ef000, 0x14800000)
   the space 21116K,  78% used [0x09d50000, 0x0ad7f0b0, 0x0ad7f200, 0x0b1ef000)
 Metaspace       used 9018K, capacity 9235K, committed 9344K, reserved 9600K
Event: 20.523 GC heap after
Heap after GC invocations=7 (full 1):
 def new generation   total 5184K, used 50K [0x04800000, 0x04d90000, 0x09d50000)
  eden space 4672K,   0% used [0x04800000, 0x04800000, 0x04c90000)
  from space 512K,   9% used [0x04c90000, 0x04c9c858, 0x04d10000)
  to   space 512K,   0% used [0x04d10000, 0x04d10000, 0x04d90000)
 tenured generation   total 21116K, used 20570K [0x09d50000, 0x0b1ef000, 0x14800000)
   the space 21116K,  97% used [0x09d50000, 0x0b166b70, 0x0b166c00, 0x0b1ef000)
 Metaspace       used 9018K, capacity 9235K, committed 9344K, reserved 9600K
}
Event: 331.365 GC heap before
{Heap before GC invocations=7 (full 1):
 def new generation   total 5184K, used 4722K [0x04800000, 0x04d90000, 0x09d50000)
  eden space 4672K, 100% used [0x04800000, 0x04c90000, 0x04c90000)
  from space 512K,   9% used [0x04c90000, 0x04c9c858, 0x04d10000)
  to   space 512K,   0% used [0x04d10000, 0x04d10000, 0x04d90000)
 tenured generation   total 21116K, used 20570K [0x09d50000, 0x0b1ef000, 0x14800000)
   the space 21116K,  97% used [0x09d50000, 0x0b166b70, 0x0b166c00, 0x0b1ef000)
 Metaspace       used 9018K, capacity 9235K, committed 9344K, reserved 9600K
Event: 331.367 GC heap after
Heap after GC invocations=8 (full 1):
 def new generation   total 5184K, used 53K [0x04800000, 0x04d90000, 0x09d50000)
  eden space 4672K,   0% used [0x04800000, 0x04800000, 0x04c90000)
  from space 512K,  10% used [0x04d10000, 0x04d1d418, 0x04d90000)
  to   space 512K,   0% used [0x04c90000, 0x04c90000, 0x04d10000)
 tenured generation   total 21116K, used 20570K [0x09d50000, 0x0b1ef000, 0x14800000)
   the space 21116K,  97% used [0x09d50000, 0x0b166b70, 0x0b166c00, 0x0b1ef000)
 Metaspace       used 9018K, capacity 9235K, committed 9344K, reserved 9600K
}
Event: 449.029 GC heap before
{Heap before GC invocations=8 (full 1):
 def new generation   total 5184K, used 4723K [0x04800000, 0x04d90000, 0x09d50000)
  eden space 4672K,  99% used [0x04800000, 0x04c8f888, 0x04c90000)
  from space 512K,  10% used [0x04d10000, 0x04d1d418, 0x04d90000)
  to   space 512K,   0% used [0x04c90000, 0x04c90000, 0x04d10000)
 tenured generation   total 21116K, used 20570K [0x09d50000, 0x0b1ef000, 0x14800000)
   the space 21116K,  97% used [0x09d50000, 0x0b166b70, 0x0b166c00, 0x0b1ef000)
 Metaspace       used 9673K, capacity 9910K, committed 9984K, reserved 10624K
Event: 449.031 GC heap after
Heap after GC invocations=9 (full 1):
 def new generation   total 5184K, used 511K [0x04800000, 0x04d90000, 0x09d50000)
  eden space 4672K,   0% used [0x04800000, 0x04800000, 0x04c90000)
  from space 512K,  99% used [0x04c90000, 0x04d0fff8, 0x04d10000)
  to   space 512K,   0% used [0x04d10000, 0x04d10000, 0x04d90000)
 tenured generation   total 21116K, used 20819K [0x09d50000, 0x0b1ef000, 0x14800000)
   the space 21116K,  98% used [0x09d50000, 0x0b1a4f60, 0x0b1a5000, 0x0b1ef000)
 Metaspace       used 9673K, capacity 9910K, committed 9984K, reserved 10624K
}

