# JRE version: Java(TM) SE Runtime Environment (8.0_91-b15) (build 1.8.0_91-b15)
# Java VM: Java HotSpot(TM) Client VM (25.91-b15 mixed mode windows-x86 )
Heap:
 def new generation   total 19776K, used 993K [0x04800000, 0x05d70000, 0x09d50000)
  eden space 17600K,   3% used [0x04800000, 0x04884058, 0x05930000)
  from space 2176K,  21% used [0x05930000, 0x059a4648, 0x05b50000)
  to   space 2176K,   0% used [0x05b50000, 0x05b50000, 0x05d70000)
 tenured generation   total 43768K, used 39528K [0x09d50000, 0x0c80e000, 0x14800000)
   the space 43768K,  90% used [0x09d50000, 0x0c3ea170, 0x0c3ea200, 0x0c80e000)
 Metaspace       used 9015K, capacity 9238K, committed 9344K, reserved 9600K
GC Heap History (10 events):
Event: 0.784 GC heap before
{Heap before GC invocations=18 (full 8):
 def new generation   total 19776K, used 10105K [0x04800000, 0x05d70000, 0x09d50000)
  eden space 17600K,  57% used [0x04800000, 0x051de548, 0x05930000)
  from space 2176K,   0% used [0x05930000, 0x05930000, 0x05b50000)
  to   space 2176K,   0% used [0x05b50000, 0x05b50000, 0x05d70000)
 tenured generation   total 43768K, used 25782K [0x09d50000, 0x0c80e000, 0x14800000)
   the space 43768K,  58% used [0x09d50000, 0x0b67d8a8, 0x0b67da00, 0x0c80e000)
 Metaspace       used 8166K, capacity 8403K, committed 8448K, reserved 8576K
Event: 0.786 GC heap after
Heap after GC invocations=19 (full 8):
 def new generation   total 19776K, used 0K [0x04800000, 0x05d70000, 0x09d50000)
  eden space 17600K,   0% used [0x04800000, 0x04800000, 0x05930000)
  from space 2176K,   0% used [0x05b50000, 0x05b502c8, 0x05d70000)
  to   space 2176K,   0% used [0x05930000, 0x05930000, 0x05b50000)
 tenured generation   total 43768K, used 35547K [0x09d50000, 0x0c80e000, 0x14800000)
   the space 43768K,  81% used [0x09d50000, 0x0c006f38, 0x0c007000, 0x0c80e000)
 Metaspace       used 8166K, capacity 8403K, committed 8448K, reserved 8576K
}
Event: 0.791 GC heap before
{Heap before GC invocations=19 (full 8):
 def new generation   total 19776K, used 10106K [0x04800000, 0x05d70000, 0x09d50000)
  eden space 17600K,  57% used [0x04800000, 0x051de620, 0x05930000)
  from space 2176K,   0% used [0x05b50000, 0x05b502c8, 0x05d70000)
  to   space 2176K,   0% used [0x05930000, 0x05930000, 0x05b50000)
 tenured generation   total 43768K, used 35547K [0x09d50000, 0x0c80e000, 0x14800000)
   the space 43768K,  81% used [0x09d50000, 0x0c006f38, 0x0c007000, 0x0c80e000)
 Metaspace       used 8166K, capacity 8403K, committed 8448K, reserved 8576K
Event: 0.805 GC heap after
Heap after GC invocations=20 (full 9):
 def new generation   total 19776K, used 0K [0x04800000, 0x05d70000, 0x09d50000)
  eden space 17600K,   0% used [0x04800000, 0x04800000, 0x05930000)
  from space 2176K,   0% used [0x05930000, 0x05930000, 0x05b50000)
  to   space 2176K,   0% used [0x05b50000, 0x05b50000, 0x05d70000)
 tenured generation   total 43768K, used 25782K [0x09d50000, 0x0c80e000, 0x14800000)
   the space 43768K,  58% used [0x09d50000, 0x0b67d850, 0x0b67da00, 0x0c80e000)
 Metaspace       used 8166K, capacity 8403K, committed 8448K, reserved 8576K
}
Event: 0.808 GC heap before
{Heap before GC invocations=20 (full 9):
 def new generation   total 19776K, used 10105K [0x04800000, 0x05d70000, 0x09d50000)
  eden space 17600K,  57% used [0x04800000, 0x051de6b0, 0x05930000)
  from space 2176K,   0% used [0x05930000, 0x05930000, 0x05b50000)
  to   space 2176K,   0% used [0x05b50000, 0x05b50000, 0x05d70000)
 tenured generation   total 43768K, used 25782K [0x09d50000, 0x0c80e000, 0x14800000)
   the space 43768K,  58% used [0x09d50000, 0x0b67d850, 0x0b67da00, 0x0c80e000)
 Metaspace       used 8166K, capacity 8403K, committed 8448K, reserved 8576K
Event: 0.810 GC heap after
Heap after GC invocations=21 (full 9):
 def new generation   total 19776K, used 0K [0x04800000, 0x05d70000, 0x09d50000)
  eden space 17600K,   0% used [0x04800000, 0x04800000, 0x05930000)
  from space 2176K,   0% used [0x05b50000, 0x05b502c8, 0x05d70000)
  to   space 2176K,   0% used [0x05930000, 0x05930000, 0x05b50000)
 tenured generation   total 43768K, used 35547K [0x09d50000, 0x0c80e000, 0x14800000)
   the space 43768K,  81% used [0x09d50000, 0x0c006ee0, 0x0c007000, 0x0c80e000)
 Metaspace       used 8166K, capacity 8403K, committed 8448K, reserved 8576K
}
Event: 0.814 GC heap before
{Heap before GC invocations=21 (full 9):
 def new generation   total 19776K, used 10106K [0x04800000, 0x05d70000, 0x09d50000)
  eden space 17600K,  57% used [0x04800000, 0x051de718, 0x05930000)
  from space 2176K,   0% used [0x05b50000, 0x05b502c8, 0x05d70000)
  to   space 2176K,   0% used [0x05930000, 0x05930000, 0x05b50000)
 tenured generation   total 43768K, used 35547K [0x09d50000, 0x0c80e000, 0x14800000)
   the space 43768K,  81% used [0x09d50000, 0x0c006ee0, 0x0c007000, 0x0c80e000)
 Metaspace       used 8166K, capacity 8403K, committed 8448K, reserved 8576K
Event: 0.827 GC heap after
Heap after GC invocations=22 (full 10):
 def new generation   total 19776K, used 0K [0x04800000, 0x05d70000, 0x09d50000)
  eden space 17600K,   0% used [0x04800000, 0x04800000, 0x05930000)
  from space 2176K,   0% used [0x05930000, 0x05930000, 0x05b50000)
  to   space 2176K,   0% used [0x05b50000, 0x05b50000, 0x05d70000)
 tenured generation   total 43768K, used 25782K [0x09d50000, 0x0c80e000, 0x14800000)
   the space 43768K,  58% used [0x09d50000, 0x0b67d860, 0x0b67da00, 0x0c80e000)
 Metaspace       used 8166K, capacity 8403K, committed 8448K, reserved 8576K
}
Event: 0.831 GC heap before
{Heap before GC invocations=22 (full 10):
 def new generation   total 19776K, used 10105K [0x04800000, 0x05d70000, 0x09d50000)
  eden space 17600K,  57% used [0x04800000, 0x051de740, 0x05930000)
  from space 2176K,   0% used [0x05930000, 0x05930000, 0x05b50000)
  to   space 2176K,   0% used [0x05b50000, 0x05b50000, 0x05d70000)
 tenured generation   total 43768K, used 25782K [0x09d50000, 0x0c80e000, 0x14800000)
   the space 43768K,  58% used [0x09d50000, 0x0b67d860, 0x0b67da00, 0x0c80e000)
 Metaspace       used 8166K, capacity 8403K, committed 8448K, reserved 8576K
Event: 0.833 GC heap after
Heap after GC invocations=23 (full 10):
 def new generation   total 19776K, used 0K [0x04800000, 0x05d70000, 0x09d50000)
  eden space 17600K,   0% used [0x04800000, 0x04800000, 0x05930000)
  from space 2176K,   0% used [0x05b50000, 0x05b502e0, 0x05d70000)
  to   space 2176K,   0% used [0x05930000, 0x05930000, 0x05b50000)
 tenured generation   total 43768K, used 35547K [0x09d50000, 0x0c80e000, 0x14800000)
   the space 43768K,  81% used [0x09d50000, 0x0c006ef0, 0x0c007000, 0x0c80e000)
 Metaspace       used 8166K, capacity 8403K, committed 8448K, reserved 8576K
}

