# JRE version: Java(TM) SE Runtime Environment (8.0_91-b15) (build 1.8.0_91-b15)
# Java VM: Java HotSpot(TM) Client VM (25.91-b15 mixed mode windows-x86 )
Heap:
 def new generation   total 5120K, used 3884K [0x04c00000, 0x05180000, 0x0a150000)
  eden space 4608K,  80% used [0x04c00000, 0x04f9dff8, 0x05080000)
  from space 512K,  35% used [0x05100000, 0x0512d2f8, 0x05180000)
  to   space 512K,   0% used [0x05080000, 0x05080000, 0x05100000)
 tenured generation   total 20948K, used 20876K [0x0a150000, 0x0b5c5000, 0x14c00000)
   the space 20948K,  99% used [0x0a150000, 0x0b5b30e0, 0x0b5b3200, 0x0b5c5000)
 Metaspace       used 9338K, capacity 9558K, committed 9600K, reserved 9600K
GC Heap History (10 events):
Event: 1179.566 GC heap before
{Heap before GC invocations=11 (full 1):
 def new generation   total 5120K, used 4878K [0x04c00000, 0x05180000, 0x0a150000)
  eden space 4608K, 100% used [0x04c00000, 0x05080000, 0x05080000)
  from space 512K,  52% used [0x05080000, 0x050c3b60, 0x05100000)
  to   space 512K,   0% used [0x05100000, 0x05100000, 0x05180000)
 tenured generation   total 20948K, used 20864K [0x0a150000, 0x0b5c5000, 0x14c00000)
   the space 20948K,  99% used [0x0a150000, 0x0b5b02a8, 0x0b5b0400, 0x0b5c5000)
 Metaspace       used 9335K, capacity 9558K, committed 9600K, reserved 9600K
Event: 1179.568 GC heap after
Heap after GC invocations=12 (full 1):
 def new generation   total 5120K, used 197K [0x04c00000, 0x05180000, 0x0a150000)
  eden space 4608K,   0% used [0x04c00000, 0x04c00000, 0x05080000)
  from space 512K,  38% used [0x05100000, 0x051316b0, 0x05180000)
  to   space 512K,   0% used [0x05080000, 0x05080000, 0x05100000)
 tenured generation   total 20948K, used 20876K [0x0a150000, 0x0b5c5000, 0x14c00000)
   the space 20948K,  99% used [0x0a150000, 0x0b5b30e0, 0x0b5b3200, 0x0b5c5000)
 Metaspace       used 9335K, capacity 9558K, committed 9600K, reserved 9600K
}
Event: 1505.383 GC heap before
{Heap before GC invocations=12 (full 1):
 def new generation   total 5120K, used 4805K [0x04c00000, 0x05180000, 0x0a150000)
  eden space 4608K, 100% used [0x04c00000, 0x05080000, 0x05080000)
  from space 512K,  38% used [0x05100000, 0x051316b0, 0x05180000)
  to   space 512K,   0% used [0x05080000, 0x05080000, 0x05100000)
 tenured generation   total 20948K, used 20876K [0x0a150000, 0x0b5c5000, 0x14c00000)
   the space 20948K,  99% used [0x0a150000, 0x0b5b30e0, 0x0b5b3200, 0x0b5c5000)
 Metaspace       used 9335K, capacity 9558K, committed 9600K, reserved 9600K
Event: 1505.384 GC heap after
Heap after GC invocations=13 (full 1):
 def new generation   total 5120K, used 188K [0x04c00000, 0x05180000, 0x0a150000)
  eden space 4608K,   0% used [0x04c00000, 0x04c00000, 0x05080000)
  from space 512K,  36% used [0x05080000, 0x050af040, 0x05100000)
  to   space 512K,   0% used [0x05100000, 0x05100000, 0x05180000)
 tenured generation   total 20948K, used 20876K [0x0a150000, 0x0b5c5000, 0x14c00000)
   the space 20948K,  99% used [0x0a150000, 0x0b5b30e0, 0x0b5b3200, 0x0b5c5000)
 Metaspace       used 9335K, capacity 9558K, committed 9600K, reserved 9600K
}
Event: 1834.429 GC heap before
{Heap before GC invocations=13 (full 1):
 def new generation   total 5120K, used 4796K [0x04c00000, 0x05180000, 0x0a150000)
  eden space 4608K, 100% used [0x04c00000, 0x05080000, 0x05080000)
  from space 512K,  36% used [0x05080000, 0x050af040, 0x05100000)
  to   space 512K,   0% used [0x05100000, 0x05100000, 0x05180000)
 tenured generation   total 20948K, used 20876K [0x0a150000, 0x0b5c5000, 0x14c00000)
   the space 20948K,  99% used [0x0a150000, 0x0b5b30e0, 0x0b5b3200, 0x0b5c5000)
 Metaspace       used 9335K, capacity 9558K, committed 9600K, reserved 9600K
Event: 1834.431 GC heap after
Heap after GC invocations=14 (full 1):
 def new generation   total 5120K, used 185K [0x04c00000, 0x05180000, 0x0a150000)
  eden space 4608K,   0% used [0x04c00000, 0x04c00000, 0x05080000)
  from space 512K,  36% used [0x05100000, 0x0512e768, 0x05180000)
  to   space 512K,   0% used [0x05080000, 0x05080000, 0x05100000)
 tenured generation   total 20948K, used 20876K [0x0a150000, 0x0b5c5000, 0x14c00000)
   the space 20948K,  99% used [0x0a150000, 0x0b5b30e0, 0x0b5b3200, 0x0b5c5000)
 Metaspace       used 9335K, capacity 9558K, committed 9600K, reserved 9600K
}
Event: 2159.569 GC heap before
{Heap before GC invocations=14 (full 1):
 def new generation   total 5120K, used 4793K [0x04c00000, 0x05180000, 0x0a150000)
  eden space 4608K, 100% used [0x04c00000, 0x05080000, 0x05080000)
  from space 512K,  36% used [0x05100000, 0x0512e768, 0x05180000)
  to   space 512K,   0% used [0x05080000, 0x05080000, 0x05100000)
 tenured generation   total 20948K, used 20876K [0x0a150000, 0x0b5c5000, 0x14c00000)
   the space 20948K,  99% used [0x0a150000, 0x0b5b30e0, 0x0b5b3200, 0x0b5c5000)
 Metaspace       used 9335K, capacity 9558K, committed 9600K, reserved 9600K
Event: 2159.571 GC heap after
Heap after GC invocations=15 (full 1):
 def new generation   total 5120K, used 187K [0x04c00000, 0x05180000, 0x0a150000)
  eden space 4608K,   0% used [0x04c00000, 0x04c00000, 0x05080000)
  from space 512K,  36% used [0x05080000, 0x050aee40, 0x05100000)
  to   space 512K,   0% used [0x05100000, 0x05100000, 0x05180000)
 tenured generation   total 20948K, used 20876K [0x0a150000, 0x0b5c5000, 0x14c00000)
   the space 20948K,  99% used [0x0a150000, 0x0b5b30e0, 0x0b5b3200, 0x0b5c5000)
 Metaspace       used 9335K, capacity 9558K, committed 9600K, reserved 9600K
}
Event: 2269.535 GC heap before
{Heap before GC invocations=15 (full 1):
 def new generation   total 5120K, used 4795K [0x04c00000, 0x05180000, 0x0a150000)
  eden space 4608K, 100% used [0x04c00000, 0x05080000, 0x05080000)
  from space 512K,  36% used [0x05080000, 0x050aee40, 0x05100000)
  to   space 512K,   0% used [0x05100000, 0x05100000, 0x05180000)
 tenured generation   total 20948K, used 20876K [0x0a150000, 0x0b5c5000, 0x14c00000)
   the space 20948K,  99% used [0x0a150000, 0x0b5b30e0, 0x0b5b3200, 0x0b5c5000)
 Metaspace       used 9335K, capacity 9558K, committed 9600K, reserved 9600K
Event: 2269.536 GC heap after
Heap after GC invocations=16 (full 1):
 def new generation   total 5120K, used 180K [0x04c00000, 0x05180000, 0x0a150000)
  eden space 4608K,   0% used [0x04c00000, 0x04c00000, 0x05080000)
  from space 512K,  35% used [0x05100000, 0x0512d2f8, 0x05180000)
  to   space 512K,   0% used [0x05080000, 0x05080000, 0x05100000)
 tenured generation   total 20948K, used 20876K [0x0a150000, 0x0b5c5000, 0x14c00000)
   the space 20948K,  99% used [0x0a150000, 0x0b5b30e0, 0x0b5b3200, 0x0b5c5000)
 Metaspace       used 9335K, capacity 9558K, committed 9600K, reserved 9600K
}

